C:\PROJ\CLRPROFILER\PROFILEROBJ\DEBUG\PROFILERINFO.OBJ
C:\PROJ\CLRPROFILER\PROFILEROBJ\DEBUG\PROFILERCALLBACK.OBJ
C:\PROJ\CLRPROFILER\PROFILEROBJ\DEBUG\ATTACHHELPER.OBJ
C:\PROJ\CLRPROFILER\PROFILEROBJ\DEBUG\VC110.PDB
C:\PROJ\CLRPROFILER\WIN32\DEBUG\PROFILEROBJ.DLL
C:\PROJ\CLRPROFILER\WIN32\DEBUG\PROFILEROBJ.PDB
C:\proj\CLRProfiler\Win32\Debug\ProfilerOBJ.lib
C:\proj\CLRProfiler\Win32\Debug\ProfilerOBJ.exp
C:\proj\CLRProfiler\ProfilerOBJ\Debug\attachhelper.obj
C:\proj\CLRProfiler\ProfilerOBJ\Debug\ProfilerCallback.obj
C:\proj\CLRProfiler\ProfilerOBJ\Debug\ProfilerInfo.obj
C:\proj\CLRProfiler\ProfilerOBJ\Debug\cl.command.1.tlog
C:\proj\CLRProfiler\ProfilerOBJ\Debug\CL.read.1.tlog
C:\proj\CLRProfiler\ProfilerOBJ\Debug\CL.write.1.tlog
C:\proj\CLRProfiler\ProfilerOBJ\Debug\link-cvtres.read.1.tlog
C:\proj\CLRProfiler\ProfilerOBJ\Debug\link-cvtres.write.1.tlog
C:\proj\CLRProfiler\ProfilerOBJ\Debug\link-rc.read.1.tlog
C:\proj\CLRProfiler\ProfilerOBJ\Debug\link-rc.write.1.tlog
C:\proj\CLRProfiler\ProfilerOBJ\Debug\link.command.1.tlog
C:\proj\CLRProfiler\ProfilerOBJ\Debug\link.read.1.tlog
C:\proj\CLRProfiler\ProfilerOBJ\Debug\link.write.1.tlog
C:\proj\CLRProfiler\ProfilerOBJ\Debug\ProfilerOBJ.write.1.tlog
C:\proj\CLRProfiler\ProfilerOBJ\Debug\vc110.idb
C:\proj\CLRProfiler\ProfilerOBJ\Debug\vc110.pdb
C:\proj\CLRProfiler\Win32\Debug\ProfilerOBJ.pdb
C:\proj\CLRProfiler\Win32\Debug\ProfilerOBJ.dll
