C:\PROJ\CLRPROFILER\WINDOWSSTOREAPPTHREADRESUMER\RELEASE\CLRPROFILERWINDOWSSTOREAPPTHREADRESUMER.PCH
C:\PROJ\CLRPROFILER\WINDOWSSTOREAPPTHREADRESUMER\RELEASE\STDAFX.OBJ
C:\PROJ\CLRPROFILER\WINDOWSSTOREAPPTHREADRESUMER\RELEASE\VC110.PDB
C:\PROJ\CLRPROFILER\WINDOWSSTOREAPPTHREADRESUMER\RELEASE\WINDOWSSTOREAPPTHREADRESUMER.OBJ
C:\PROJ\CLRPROFILER\WIN32\RELEASE\CLRPROFILERWINDOWSSTOREAPPTHREADRESUMER.EXE
C:\PROJ\CLRPROFILER\WIN32\RELEASE\CLRPROFILERWINDOWSSTOREAPPTHREADRESUMER.PDB
C:\proj\CLRProfiler\WindowsStoreAppThreadResumer\Release\stdafx.obj
C:\proj\CLRProfiler\WindowsStoreAppThreadResumer\Release\WindowsStoreAppThreadResumer.obj
C:\proj\CLRProfiler\WindowsStoreAppThreadResumer\Release\cl.command.1.tlog
C:\proj\CLRProfiler\WindowsStoreAppThreadResumer\Release\CL.read.1.tlog
C:\proj\CLRProfiler\WindowsStoreAppThreadResumer\Release\CL.write.1.tlog
C:\proj\CLRProfiler\WindowsStoreAppThreadResumer\Release\link-cvtres.read.1.tlog
C:\proj\CLRProfiler\WindowsStoreAppThreadResumer\Release\link-cvtres.write.1.tlog
C:\proj\CLRProfiler\WindowsStoreAppThreadResumer\Release\link-rc.read.1.tlog
C:\proj\CLRProfiler\WindowsStoreAppThreadResumer\Release\link-rc.write.1.tlog
C:\proj\CLRProfiler\WindowsStoreAppThreadResumer\Release\link.command.1.tlog
C:\proj\CLRProfiler\WindowsStoreAppThreadResumer\Release\link.read.1.tlog
C:\proj\CLRProfiler\WindowsStoreAppThreadResumer\Release\link.write.1.tlog
C:\proj\CLRProfiler\WindowsStoreAppThreadResumer\Release\CLRProfilerWindowsStoreAppThreadResumer.pch
C:\proj\CLRProfiler\WindowsStoreAppThreadResumer\Release\vc110.pdb
C:\proj\CLRProfiler\Win32\Release\CLRProfilerWindowsStoreAppThreadResumer.pdb
C:\proj\CLRProfiler\Win32\Release\CLRProfilerWindowsStoreAppThreadResumer.exe
