C:\PROJ\CLRPROFILER\WINDOWSSTOREAPPTHREADRESUMER\X64\RELEASE\CLRPROFILERWINDOWSSTOREAPPTHREADRESUMER.PCH
C:\PROJ\CLRPROFILER\WINDOWSSTOREAPPTHREADRESUMER\X64\RELEASE\STDAFX.OBJ
C:\PROJ\CLRPROFILER\WINDOWSSTOREAPPTHREADRESUMER\X64\RELEASE\VC110.PDB
C:\PROJ\CLRPROFILER\WINDOWSSTOREAPPTHREADRESUMER\X64\RELEASE\WINDOWSSTOREAPPTHREADRESUMER.OBJ
C:\PROJ\CLRPROFILER\X64\RELEASE\CLRPROFILERWINDOWSSTOREAPPTHREADRESUMER.EXE
C:\PROJ\CLRPROFILER\X64\RELEASE\CLRPROFILERWINDOWSSTOREAPPTHREADRESUMER.PDB
C:\proj\CLRProfiler\WindowsStoreAppThreadResumer\x64\Release\stdafx.obj
C:\proj\CLRProfiler\WindowsStoreAppThreadResumer\x64\Release\WindowsStoreAppThreadResumer.obj
C:\proj\CLRProfiler\WindowsStoreAppThreadResumer\x64\Release\cl.command.1.tlog
C:\proj\CLRProfiler\WindowsStoreAppThreadResumer\x64\Release\CL.read.1.tlog
C:\proj\CLRProfiler\WindowsStoreAppThreadResumer\x64\Release\CL.write.1.tlog
C:\proj\CLRProfiler\WindowsStoreAppThreadResumer\x64\Release\link-cvtres.read.1.tlog
C:\proj\CLRProfiler\WindowsStoreAppThreadResumer\x64\Release\link-cvtres.write.1.tlog
C:\proj\CLRProfiler\WindowsStoreAppThreadResumer\x64\Release\link-rc.read.1.tlog
C:\proj\CLRProfiler\WindowsStoreAppThreadResumer\x64\Release\link-rc.write.1.tlog
C:\proj\CLRProfiler\WindowsStoreAppThreadResumer\x64\Release\link.command.1.tlog
C:\proj\CLRProfiler\WindowsStoreAppThreadResumer\x64\Release\link.read.1.tlog
C:\proj\CLRProfiler\WindowsStoreAppThreadResumer\x64\Release\link.write.1.tlog
C:\proj\CLRProfiler\WindowsStoreAppThreadResumer\x64\Release\CLRProfilerWindowsStoreAppThreadResumer.pch
C:\proj\CLRProfiler\WindowsStoreAppThreadResumer\x64\Release\vc110.pdb
C:\proj\CLRProfiler\x64\Release\CLRProfilerWindowsStoreAppThreadResumer.pdb
C:\proj\CLRProfiler\x64\Release\CLRProfilerWindowsStoreAppThreadResumer.exe
