C:\PROJ\CLRPROFILER\WINDOWSSTOREAPPTHREADRESUMER\DEBUG\CLRPROFILERWINDOWSSTOREAPPTHREADRESUMER.PCH
C:\PROJ\CLRPROFILER\WINDOWSSTOREAPPTHREADRESUMER\DEBUG\STDAFX.OBJ
C:\PROJ\CLRPROFILER\WINDOWSSTOREAPPTHREADRESUMER\DEBUG\VC110.PDB
C:\PROJ\CLRPROFILER\WINDOWSSTOREAPPTHREADRESUMER\DEBUG\WINDOWSSTOREAPPTHREADRESUMER.OBJ
C:\PROJ\CLRPROFILER\WIN32\DEBUG\CLRPROFILERWINDOWSSTOREAPPTHREADRESUMER.ILK
C:\PROJ\CLRPROFILER\WIN32\DEBUG\CLRPROFILERWINDOWSSTOREAPPTHREADRESUMER.EXE
C:\PROJ\CLRPROFILER\WIN32\DEBUG\CLRPROFILERWINDOWSSTOREAPPTHREADRESUMER.PDB
C:\proj\CLRProfiler\WindowsStoreAppThreadResumer\Debug\stdafx.obj
C:\proj\CLRProfiler\WindowsStoreAppThreadResumer\Debug\WindowsStoreAppThreadResumer.obj
C:\proj\CLRProfiler\WindowsStoreAppThreadResumer\Debug\cl.command.1.tlog
C:\proj\CLRProfiler\WindowsStoreAppThreadResumer\Debug\CL.read.1.tlog
C:\proj\CLRProfiler\WindowsStoreAppThreadResumer\Debug\CL.write.1.tlog
C:\proj\CLRProfiler\WindowsStoreAppThreadResumer\Debug\link-cvtres.read.1.tlog
C:\proj\CLRProfiler\WindowsStoreAppThreadResumer\Debug\link-cvtres.write.1.tlog
C:\proj\CLRProfiler\WindowsStoreAppThreadResumer\Debug\link-rc.read.1.tlog
C:\proj\CLRProfiler\WindowsStoreAppThreadResumer\Debug\link-rc.write.1.tlog
C:\proj\CLRProfiler\WindowsStoreAppThreadResumer\Debug\link.command.1.tlog
C:\proj\CLRProfiler\WindowsStoreAppThreadResumer\Debug\link.read.1.tlog
C:\proj\CLRProfiler\WindowsStoreAppThreadResumer\Debug\link.write.1.tlog
C:\proj\CLRProfiler\WindowsStoreAppThreadResumer\Debug\CLRProfilerWindowsStoreAppThreadResumer.pch
C:\proj\CLRProfiler\WindowsStoreAppThreadResumer\Debug\vc110.idb
C:\proj\CLRProfiler\WindowsStoreAppThreadResumer\Debug\vc110.pdb
C:\proj\CLRProfiler\Win32\Debug\CLRProfilerWindowsStoreAppThreadResumer.pdb
C:\proj\CLRProfiler\Win32\Debug\CLRProfilerWindowsStoreAppThreadResumer.exe
C:\proj\CLRProfiler\Win32\Debug\CLRProfilerWindowsStoreAppThreadResumer.ilk
