C:\PROJ\CLRPROFILER\WINDOWSSTOREAPPTHREADRESUMER\X64\DEBUG\CLRPROFILERWINDOWSSTOREAPPTHREADRESUMER.PCH
C:\PROJ\CLRPROFILER\WINDOWSSTOREAPPTHREADRESUMER\X64\DEBUG\STDAFX.OBJ
C:\PROJ\CLRPROFILER\WINDOWSSTOREAPPTHREADRESUMER\X64\DEBUG\VC110.PDB
C:\PROJ\CLRPROFILER\WINDOWSSTOREAPPTHREADRESUMER\X64\DEBUG\WINDOWSSTOREAPPTHREADRESUMER.OBJ
C:\PROJ\CLRPROFILER\X64\DEBUG\CLRPROFILERWINDOWSSTOREAPPTHREADRESUMER.ILK
C:\PROJ\CLRPROFILER\X64\DEBUG\CLRPROFILERWINDOWSSTOREAPPTHREADRESUMER.EXE
C:\PROJ\CLRPROFILER\X64\DEBUG\CLRPROFILERWINDOWSSTOREAPPTHREADRESUMER.PDB
C:\proj\CLRProfiler\WindowsStoreAppThreadResumer\x64\Debug\stdafx.obj
C:\proj\CLRProfiler\WindowsStoreAppThreadResumer\x64\Debug\WindowsStoreAppThreadResumer.obj
C:\proj\CLRProfiler\WindowsStoreAppThreadResumer\x64\Debug\cl.command.1.tlog
C:\proj\CLRProfiler\WindowsStoreAppThreadResumer\x64\Debug\CL.read.1.tlog
C:\proj\CLRProfiler\WindowsStoreAppThreadResumer\x64\Debug\CL.write.1.tlog
C:\proj\CLRProfiler\WindowsStoreAppThreadResumer\x64\Debug\link-cvtres.read.1.tlog
C:\proj\CLRProfiler\WindowsStoreAppThreadResumer\x64\Debug\link-cvtres.write.1.tlog
C:\proj\CLRProfiler\WindowsStoreAppThreadResumer\x64\Debug\link-rc.read.1.tlog
C:\proj\CLRProfiler\WindowsStoreAppThreadResumer\x64\Debug\link-rc.write.1.tlog
C:\proj\CLRProfiler\WindowsStoreAppThreadResumer\x64\Debug\link.command.1.tlog
C:\proj\CLRProfiler\WindowsStoreAppThreadResumer\x64\Debug\link.read.1.tlog
C:\proj\CLRProfiler\WindowsStoreAppThreadResumer\x64\Debug\link.write.1.tlog
C:\proj\CLRProfiler\WindowsStoreAppThreadResumer\x64\Debug\CLRProfilerWindowsStoreAppThreadResumer.pch
C:\proj\CLRProfiler\WindowsStoreAppThreadResumer\x64\Debug\vc110.idb
C:\proj\CLRProfiler\WindowsStoreAppThreadResumer\x64\Debug\vc110.pdb
C:\proj\CLRProfiler\x64\Debug\CLRProfilerWindowsStoreAppThreadResumer.pdb
C:\proj\CLRProfiler\x64\Debug\CLRProfilerWindowsStoreAppThreadResumer.exe
C:\proj\CLRProfiler\x64\Debug\CLRProfilerWindowsStoreAppThreadResumer.ilk
