C:\PROJ\CLRPROFILER\PROFILEROBJ\X64\DEBUG\PROFILERINFO.OBJ
C:\PROJ\CLRPROFILER\PROFILEROBJ\X64\DEBUG\PROFILERCALLBACK.OBJ
C:\PROJ\CLRPROFILER\PROFILEROBJ\X64\DEBUG\ATTACHHELPER.OBJ
C:\PROJ\CLRPROFILER\PROFILEROBJ\X64\DEBUG\VC110.PDB
C:\PROJ\CLRPROFILER\X64\DEBUG\PROFILEROBJ.DLL
C:\PROJ\CLRPROFILER\X64\DEBUG\PROFILEROBJ.PDB
C:\proj\CLRProfiler\ProfilerOBJ\x64\Debug\asmhelpers.obj
C:\proj\CLRProfiler\x64\Debug\ProfilerOBJ.lib
C:\proj\CLRProfiler\x64\Debug\ProfilerOBJ.exp
C:\proj\CLRProfiler\ProfilerOBJ\x64\Debug\attachhelper.obj
C:\proj\CLRProfiler\ProfilerOBJ\x64\Debug\ProfilerCallback.obj
C:\proj\CLRProfiler\ProfilerOBJ\x64\Debug\ProfilerInfo.obj
C:\proj\CLRProfiler\ProfilerOBJ\x64\Debug\cl.command.1.tlog
C:\proj\CLRProfiler\ProfilerOBJ\x64\Debug\CL.read.1.tlog
C:\proj\CLRProfiler\ProfilerOBJ\x64\Debug\CL.write.1.tlog
C:\proj\CLRProfiler\ProfilerOBJ\x64\Debug\link-cvtres.read.1.tlog
C:\proj\CLRProfiler\ProfilerOBJ\x64\Debug\link-cvtres.write.1.tlog
C:\proj\CLRProfiler\ProfilerOBJ\x64\Debug\link-rc.read.1.tlog
C:\proj\CLRProfiler\ProfilerOBJ\x64\Debug\link-rc.write.1.tlog
C:\proj\CLRProfiler\ProfilerOBJ\x64\Debug\link.command.1.tlog
C:\proj\CLRProfiler\ProfilerOBJ\x64\Debug\link.read.1.tlog
C:\proj\CLRProfiler\ProfilerOBJ\x64\Debug\link.write.1.tlog
C:\proj\CLRProfiler\ProfilerOBJ\x64\Debug\ProfilerOBJ.write.1.tlog
C:\proj\CLRProfiler\ProfilerOBJ\x64\Debug\vc110.pdb
C:\proj\CLRProfiler\x64\Debug\ProfilerOBJ.pdb
C:\proj\CLRProfiler\x64\Debug\ProfilerOBJ.dll
