C:\PROJ\CLRPROFILER\PROFILEROBJ\X64\RELEASE\PROFILERINFO.OBJ
C:\PROJ\CLRPROFILER\PROFILEROBJ\X64\RELEASE\PROFILERCALLBACK.OBJ
C:\PROJ\CLRPROFILER\PROFILEROBJ\X64\RELEASE\ATTACHHELPER.OBJ
C:\PROJ\CLRPROFILER\PROFILEROBJ\X64\RELEASE\VC110.PDB
C:\PROJ\CLRPROFILER\X64\RELEASE\PROFILEROBJ.DLL
C:\PROJ\CLRPROFILER\X64\RELEASE\PROFILEROBJ.PDB
C:\proj\CLRProfiler\ProfilerOBJ\x64\Release\asmhelpers.obj
C:\proj\CLRProfiler\x64\Release\ProfilerOBJ.lib
C:\proj\CLRProfiler\x64\Release\ProfilerOBJ.exp
C:\proj\CLRProfiler\ProfilerOBJ\x64\Release\attachhelper.obj
C:\proj\CLRProfiler\ProfilerOBJ\x64\Release\ProfilerCallback.obj
C:\proj\CLRProfiler\ProfilerOBJ\x64\Release\ProfilerInfo.obj
C:\proj\CLRProfiler\ProfilerOBJ\x64\Release\cl.command.1.tlog
C:\proj\CLRProfiler\ProfilerOBJ\x64\Release\CL.read.1.tlog
C:\proj\CLRProfiler\ProfilerOBJ\x64\Release\CL.write.1.tlog
C:\proj\CLRProfiler\ProfilerOBJ\x64\Release\link-cvtres.read.1.tlog
C:\proj\CLRProfiler\ProfilerOBJ\x64\Release\link-cvtres.write.1.tlog
C:\proj\CLRProfiler\ProfilerOBJ\x64\Release\link-rc.read.1.tlog
C:\proj\CLRProfiler\ProfilerOBJ\x64\Release\link-rc.write.1.tlog
C:\proj\CLRProfiler\ProfilerOBJ\x64\Release\link.command.1.tlog
C:\proj\CLRProfiler\ProfilerOBJ\x64\Release\link.read.1.tlog
C:\proj\CLRProfiler\ProfilerOBJ\x64\Release\link.write.1.tlog
C:\proj\CLRProfiler\ProfilerOBJ\x64\Release\ProfilerOBJ.write.1.tlog
C:\proj\CLRProfiler\ProfilerOBJ\x64\Release\vc110.pdb
C:\proj\CLRProfiler\x64\Release\ProfilerOBJ.pdb
C:\proj\CLRProfiler\x64\Release\ProfilerOBJ.dll
