C:\PROJ\CLRPROFILER\PROFILEROBJ\RELEASE\PROFILERINFO.OBJ
C:\PROJ\CLRPROFILER\PROFILEROBJ\RELEASE\PROFILERCALLBACK.OBJ
C:\PROJ\CLRPROFILER\PROFILEROBJ\RELEASE\ATTACHHELPER.OBJ
C:\PROJ\CLRPROFILER\PROFILEROBJ\RELEASE\VC110.PDB
C:\PROJ\CLRPROFILER\WIN32\RELEASE\PROFILEROBJ.DLL
C:\PROJ\CLRPROFILER\WIN32\RELEASE\PROFILEROBJ.PDB
C:\proj\CLRProfiler\Win32\Release\ProfilerOBJ.lib
C:\proj\CLRProfiler\Win32\Release\ProfilerOBJ.exp
C:\proj\CLRProfiler\ProfilerOBJ\Release\attachhelper.obj
C:\proj\CLRProfiler\ProfilerOBJ\Release\ProfilerCallback.obj
C:\proj\CLRProfiler\ProfilerOBJ\Release\ProfilerInfo.obj
C:\proj\CLRProfiler\ProfilerOBJ\Release\cl.command.1.tlog
C:\proj\CLRProfiler\ProfilerOBJ\Release\CL.read.1.tlog
C:\proj\CLRProfiler\ProfilerOBJ\Release\CL.write.1.tlog
C:\proj\CLRProfiler\ProfilerOBJ\Release\link-cvtres.read.1.tlog
C:\proj\CLRProfiler\ProfilerOBJ\Release\link-cvtres.write.1.tlog
C:\proj\CLRProfiler\ProfilerOBJ\Release\link-rc.read.1.tlog
C:\proj\CLRProfiler\ProfilerOBJ\Release\link-rc.write.1.tlog
C:\proj\CLRProfiler\ProfilerOBJ\Release\link.command.1.tlog
C:\proj\CLRProfiler\ProfilerOBJ\Release\link.read.1.tlog
C:\proj\CLRProfiler\ProfilerOBJ\Release\link.write.1.tlog
C:\proj\CLRProfiler\ProfilerOBJ\Release\ProfilerOBJ.write.1.tlog
C:\proj\CLRProfiler\ProfilerOBJ\Release\vc110.pdb
C:\proj\CLRProfiler\Win32\Release\ProfilerOBJ.pdb
C:\proj\CLRProfiler\Win32\Release\ProfilerOBJ.dll
